Config file /home/rgutzen/Projects/cobrawap_ms_code/cobrawap_configs/configs/config.yaml is extended by additional config specified via the command line.
Using 'config_IDIBAPS_WBS_WT4.yaml.
'config_IDIBAPS_WBS_WT4.yaml' not found, trying 'config_IDIBAPS_WBS.yaml'.
'config_IDIBAPS_WBS.yaml' not found, trying 'config_IDIBAPS.yaml'.
Using 'config_IDIBAPS.yaml.
'config_IDIBAPS_WBS_WT4.yaml' not found, trying 'config_IDIBAPS_WBS.yaml'.
'config_IDIBAPS_WBS.yaml' not found, trying 'config_IDIBAPS.yaml'.
Using 'config_IDIBAPS.yaml.
'config_IDIBAPS_WBS_WT4.yaml' not found, trying 'config_IDIBAPS_WBS.yaml'.
'config_IDIBAPS_WBS.yaml' not found, trying 'config_IDIBAPS.yaml'.
Using 'config_IDIBAPS.yaml.
'config_IDIBAPS_WBS_WT4.yaml' not found, trying 'config_IDIBAPS_WBS.yaml'.
'config_IDIBAPS_WBS.yaml' not found, trying 'config_IDIBAPS.yaml'.
Using 'config_IDIBAPS.yaml.
Building DAG of jobs...
Executing subworkflow stage01.
Parameter "trial" not found in the config! Set to None!
Building DAG of jobs...
Nothing to be done (all requested files are present and up to date).
Complete log: .snakemake/log/2023-11-21T154930.801215.snakemake.log
Executing subworkflow stage02.
Config file configs/config_template.yaml is extended by additional config specified via the command line.
Building DAG of jobs...
WorkflowError:
Unable to obtain modification time of file /home/rgutzen/Projects/cobrawap_ms_code/cobrawap_output/IDIBAPS_WBS_WT4/stage02_processing/processed_data.nix although it existed before. It could be that a concurrent process has deleted it while Snakemake was running.
  File "/home/rgutzen/anaconda3/envs/cobrawap_ms/lib/python3.9/asyncio/runners.py", line 44, in run
  File "/home/rgutzen/anaconda3/envs/cobrawap_ms/lib/python3.9/asyncio/base_events.py", line 642, in run_until_complete
