Config file /home/rgutzen/Projects/cobrawap_ms_code/cobrawap_configs/configs/config.yaml is extended by additional config specified via the command line.
Using 'config_IDIBAPS_WBS_WT4.yaml.
'config_IDIBAPS_WBS_WT4.yaml' not found, trying 'config_IDIBAPS_WBS.yaml'.
'config_IDIBAPS_WBS.yaml' not found, trying 'config_IDIBAPS.yaml'.
Using 'config_IDIBAPS.yaml.
'config_IDIBAPS_WBS_WT4.yaml' not found, trying 'config_IDIBAPS_WBS.yaml'.
'config_IDIBAPS_WBS.yaml' not found, trying 'config_IDIBAPS.yaml'.
Using 'config_IDIBAPS.yaml.
'config_IDIBAPS_WBS_WT4.yaml' not found, trying 'config_IDIBAPS_WBS.yaml'.
'config_IDIBAPS_WBS.yaml' not found, trying 'config_IDIBAPS.yaml'.
Using 'config_IDIBAPS.yaml.
'config_IDIBAPS_WBS_WT4.yaml' not found, trying 'config_IDIBAPS_WBS.yaml'.
'config_IDIBAPS_WBS.yaml' not found, trying 'config_IDIBAPS.yaml'.
Using 'config_IDIBAPS.yaml.
Building DAG of jobs...
Executing subworkflow stage01.
Parameter "trial" not found in the config! Set to None!
Building DAG of jobs...
Using shell: /bin/bash
Provided cores: 1 (use --cores to define parallelism)
Rules claiming more threads will be scaled down.
Job stats:
job                 count
----------------  -------
all                     1
check_data_entry        1
plot_traces             1
total                   3

Select jobs to execute...

[Tue Nov 21 15:48:57 2023]
rule check_data_entry:
    input: /home/rgutzen/Projects/cobrawap_ms_code/cobrawap_output/IDIBAPS_WBS_WT4/stage01_data_entry/IDIBAPS_WBS_WT4/IDIBAPS_WBS_WT4.nix, scripts/check_input.py
    output: /home/rgutzen/Projects/cobrawap_ms_code/cobrawap_output/IDIBAPS_WBS_WT4/stage01_data_entry/IDIBAPS_WBS_WT4.check
    jobid: 1
    reason: Updated input files: /home/rgutzen/Projects/cobrawap_ms_code/cobrawap_output/IDIBAPS_WBS_WT4/stage01_data_entry/IDIBAPS_WBS_WT4/IDIBAPS_WBS_WT4.nix
    wildcards: dir=/home/rgutzen/Projects/cobrawap_ms_code/cobrawap_output/IDIBAPS_WBS_WT4/stage01_data_entry, data_name=IDIBAPS_WBS_WT4
    priority: 10
    resources: tmpdir=/tmp

[Tue Nov 21 15:49:01 2023]
Finished job 1.
1 of 3 steps (33%) done
Select jobs to execute...

[Tue Nov 21 15:49:01 2023]
Job 3: RULE plot_traces:
    input: /home/rgutzen/Projects/cobrawap_ms_code/cobrawap_output/IDIBAPS_WBS_WT4/stage01_data_entry/IDIBAPS_WBS_WT4/IDIBAPS_WBS_WT4.nix scripts/plot_traces.py
    output: /home/rgutzen/Projects/cobrawap_ms_code/cobrawap_output/IDIBAPS_WBS_WT4/stage01_data_entry/IDIBAPS_WBS_WT4/trace_IDIBAPS_WBS_WT4.png
    jobid: 3
    wildcards: data_name=IDIBAPS_WBS_WT4,dir=/home/rgutzen/Projects/cobrawap_ms_code/cobrawap_output/IDIBAPS_WBS_WT4/stage01_data_entry
    threads: 1
    resources: 1 1 /tmp
SHELL COMMAND: 
python3 scripts/plot_traces.py --data /home/rgutzen/Projects/cobrawap_ms_code/cobrawap_output/IDIBAPS_WBS_WT4/stage01_data_entry/IDIBAPS_WBS_WT4/IDIBAPS_WBS_WT4.nix
                         --output /home/rgutzen/Projects/cobrawap_ms_code/cobrawap_output/IDIBAPS_WBS_WT4/stage01_data_entry/IDIBAPS_WBS_WT4/trace_IDIBAPS_WBS_WT4.png
                         --t_start 0 --t_stop 10 --channels 1 2 3 --dir /home/rgutzen/Projects/cobrawap_ms_code/cobrawap_output/IDIBAPS_WBS_WT4/stage01_data_entry --data_name IDIBAPS_WBS_WT4 --img /home/rgutzen/Projects/cobrawap_ms_code/cobrawap_output/IDIBAPS_WBS_WT4/stage01_data_entry/IDIBAPS_WBS_WT4/trace_IDIBAPS_WBS_WT4.png

Reason: Updated input files: /home/rgutzen/Projects/cobrawap_ms_code/cobrawap_output/IDIBAPS_WBS_WT4/stage01_data_entry/IDIBAPS_WBS_WT4/IDIBAPS_WBS_WT4.nix

[Tue Nov 21 15:49:05 2023]
Finished job 3.
2 of 3 steps (67%) done
Select jobs to execute...

[Tue Nov 21 15:49:05 2023]
localrule all:
    input: /home/rgutzen/Projects/cobrawap_ms_code/cobrawap_output/IDIBAPS_WBS_WT4/stage01_data_entry/IDIBAPS_WBS_WT4.check, /home/rgutzen/Projects/cobrawap_ms_code/cobrawap_output/IDIBAPS_WBS_WT4/stage01_data_entry/IDIBAPS_WBS_WT4/trace_IDIBAPS_WBS_WT4.png, /home/rgutzen/Projects/cobrawap_ms_code/cobrawap_output/IDIBAPS_WBS_WT4/stage01_data_entry/IDIBAPS_WBS_WT4/IDIBAPS_WBS_WT4.nix
    output: /home/rgutzen/Projects/cobrawap_ms_code/cobrawap_output/IDIBAPS_WBS_WT4/stage01_data_entry/data.nix
    jobid: 0
    reason: Input files updated by another job: /home/rgutzen/Projects/cobrawap_ms_code/cobrawap_output/IDIBAPS_WBS_WT4/stage01_data_entry/IDIBAPS_WBS_WT4/trace_IDIBAPS_WBS_WT4.png, /home/rgutzen/Projects/cobrawap_ms_code/cobrawap_output/IDIBAPS_WBS_WT4/stage01_data_entry/IDIBAPS_WBS_WT4.check
    resources: tmpdir=/tmp

[Tue Nov 21 15:49:05 2023]
Finished job 0.
3 of 3 steps (100%) done
Complete log: .snakemake/log/2023-11-21T154856.226031.snakemake.log
Executing subworkflow stage02.
Config file configs/config_template.yaml is extended by additional config specified via the command line.
Building DAG of jobs...
WorkflowError:
Unable to obtain modification time of file /home/rgutzen/Projects/cobrawap_ms_code/cobrawap_output/IDIBAPS_WBS_WT4/stage02_processing/processed_data.nix although it existed before. It could be that a concurrent process has deleted it while Snakemake was running.
  File "/home/rgutzen/anaconda3/envs/cobrawap_ms/lib/python3.9/asyncio/runners.py", line 44, in run
  File "/home/rgutzen/anaconda3/envs/cobrawap_ms/lib/python3.9/asyncio/base_events.py", line 642, in run_until_complete
